[18:33:48] [Client thread/INFO]: [OptiFine] (Reflector) Class not present: net.minecraftforge.client.model.Attributes
[18:33:49] [Via-Mappingloader-0/INFO]: Loading 1.12 -> 1.13 mappings...
[18:33:49] [Via-Mappingloader-1/INFO]: Loading 1.13 -> 1.13.2 mappings...
[18:33:49] [Via-Mappingloader-2/INFO]: Loading 1.13.2 -> 1.14 mappings...
[18:33:49] [Via-Mappingloader-0/INFO]: Loading block connection mappings ...
[18:33:49] [Via-Mappingloader-3/INFO]: Loading 1.14 -> 1.15 mappings...
[18:33:49] [Via-Mappingloader-4/INFO]: Loading 1.15 -> 1.16 mappings...
[18:33:49] [Via-Mappingloader-3/INFO]: Loading 1.16 -> 1.16.2 mappings...
[18:33:49] [Via-Mappingloader-3/INFO]: Loading 1.16.2 -> 1.17 mappings...
[18:33:49] [Via-Mappingloader-4/INFO]: Loading 1.17 -> 1.18 mappings...
[18:33:50] [Client thread/INFO]: Loading translations...
[18:33:50] [Via-Mappingloader-4/INFO]: Loading 1.10 -> 1.9.4 mappings...
[18:33:50] [Via-Mappingloader-4/INFO]: Loading 1.11 -> 1.10 mappings...
[18:33:50] [Via-Mappingloader-4/INFO]: Loading 1.12 -> 1.11 mappings...
[18:33:50] [Via-Mappingloader-4/INFO]: Loading 1.13 -> 1.12 mappings...
[18:33:50] [Via-Mappingloader-3/INFO]: Loading 1.13.2 -> 1.13 mappings...
[18:33:50] [Via-Mappingloader-3/INFO]: Loading 1.14 -> 1.13.2 mappings...
[18:33:50] [Via-Mappingloader-4/INFO]: Loading 1.15 -> 1.14 mappings...
[18:33:50] [Via-Mappingloader-4/INFO]: Loading 1.16 -> 1.15 mappings...
[18:33:50] [Via-Mappingloader-3/INFO]: Loading 1.16.2 -> 1.16 mappings...
[18:33:50] [Via-Mappingloader-3/INFO]: Loading 1.17 -> 1.16.2 mappings...
[18:33:50] [Via-Mappingloader-3/INFO]: Loading 1.18 -> 1.17 mappings...
[18:33:50] [ViaMCP-0/INFO]: ViaVersion detected server version: 1.8.x (47)
[18:33:50] [ViaMCP-0/WARN]: This version of Minecraft is extremely outdated and support for it has reached its end of life. You will still be able to run Via on this Minecraft version, but we are unlikely to provide any further fixes or help with problems specific to legacy Minecraft versions. Please consider updating to give your players a better experience and to avoid issues that have long been fixed.
[18:33:50] [ViaMCP-0/WARN]: You are running an outdated Java version, please consider updating it to at least Java 17 (your version is 1.8.0_202). At some point in the future, ViaVersion will no longer be compatible with this version of Java.
[18:33:50] [ViaMCP-0/WARN]: There is a newer plugin version available: 4.2.1, you're on: 4.0.0
[18:33:50] [ViaMCP-0/INFO]: Finished mapping loading, shutting down loader executor!
[18:33:51] [Client thread/INFO]: [OptiFine] *** Reflector Forge ***
[18:33:51] [Client thread/INFO]: [OptiFine] *** Reflector Vanilla ***
[18:33:51] [Client thread/INFO]: [OptiFine] (Reflector) Class not present: mods.betterfoliage.client.BetterFoliageClient
[18:33:51] [Client thread/INFO]: [OptiFine] (Reflector) Class not present: net.minecraftforge.fml.common.asm.transformers.BlamingTransformer
[18:33:51] [Client thread/INFO]: [OptiFine] (Reflector) Class not present: net.minecraftforge.event.world.ChunkWatchEvent$UnWatch
[18:33:51] [Client thread/INFO]: [OptiFine] (Reflector) Class not present: net.minecraftforge.fml.relauncher.CoreModManager
[18:33:51] [Client thread/INFO]: [OptiFine] (Reflector) Class not present: net.minecraftforge.common.DimensionManager
[18:33:51] [Client thread/INFO]: [OptiFine] (Reflector) Class not present: net.minecraftforge.client.event.GuiScreenEvent$DrawScreenEvent$Pre
[18:33:51] [Client thread/INFO]: [OptiFine] (Reflector) Class not present: net.minecraftforge.client.event.GuiScreenEvent$DrawScreenEvent$Post
[18:33:51] [Client thread/INFO]: [OptiFine] (Reflector) Class not present: net.minecraftforge.client.event.EntityViewRenderEvent$CameraSetup
[18:33:51] [Client thread/INFO]: [OptiFine] (Reflector) Class not present: net.minecraftforge.client.event.EntityViewRenderEvent$FogColors
[18:33:51] [Client thread/INFO]: [OptiFine] (Reflector) Class not present: net.minecraftforge.fml.common.eventhandler.Event
[18:33:51] [Client thread/INFO]: [OptiFine] (Reflector) Class not present: net.minecraftforge.fml.common.eventhandler.EventBus
[18:33:51] [Client thread/INFO]: [OptiFine] (Reflector) Class not present: net.minecraftforge.fml.common.eventhandler.Event$Result
[18:33:51] [Client thread/INFO]: [OptiFine] (Reflector) Class not present: net.minecraftforge.common.property.ExtendedBlockState
[18:33:51] [Client thread/INFO]: [OptiFine] (Reflector) Class not present: net.minecraftforge.fml.client.FMLClientHandler
[18:33:51] [Client thread/INFO]: [OptiFine] (Reflector) Class not present: net.minecraftforge.fml.common.FMLCommonHandler
[18:33:51] [Client thread/INFO]: [OptiFine] (Reflector) Method not present: net.minecraft.world.biome.BiomeGenBase.getWaterColorMultiplier
[18:33:51] [Client thread/INFO]: [OptiFine] (Reflector) Method not present: net.minecraft.block.Block.addDestroyEffects
[18:33:51] [Client thread/INFO]: [OptiFine] (Reflector) Method not present: net.minecraft.block.Block.addHitEffects
[18:33:51] [Client thread/INFO]: [OptiFine] (Reflector) Method not present: net.minecraft.block.Block.canCreatureSpawn
[18:33:51] [Client thread/INFO]: [OptiFine] (Reflector) Method not present: net.minecraft.block.Block.canRenderInLayer
[18:33:51] [Client thread/INFO]: [OptiFine] (Reflector) Method not present: net.minecraft.block.Block.doesSideBlockRendering
[18:33:51] [Client thread/INFO]: [OptiFine] (Reflector) Method not present: net.minecraft.block.Block.getBedDirection
[18:33:51] [Client thread/INFO]: [OptiFine] (Reflector) Method not present: net.minecraft.block.Block.getExtendedState
[18:33:51] [Client thread/INFO]: [OptiFine] (Reflector) Method not present: net.minecraft.block.Block.getLightOpacity
[18:33:51] [Client thread/INFO]: [OptiFine] (Reflector) Method not present: net.minecraft.block.Block.getLightValue
[18:33:51] [Client thread/INFO]: [OptiFine] (Reflector) Method not present: net.minecraft.block.Block.hasTileEntity
[18:33:51] [Client thread/INFO]: [OptiFine] (Reflector) Method not present: net.minecraft.block.Block.isAir
[18:33:51] [Client thread/INFO]: [OptiFine] (Reflector) Method not present: net.minecraft.block.Block.isBed
[18:33:51] [Client thread/INFO]: [OptiFine] (Reflector) Method not present: net.minecraft.block.Block.isBedFoot
[18:33:51] [Client thread/INFO]: [OptiFine] (Reflector) Method not present: net.minecraft.block.Block.isSideSolid
[18:33:51] [Client thread/INFO]: [OptiFine] (Reflector) Method not present: net.minecraft.world.ChunkCache.isSideSolid
[18:33:51] [Client thread/INFO]: [OptiFine] (Reflector) Method not present: net.minecraft.entity.Entity.canRiderInteract
[18:33:51] [Client thread/INFO]: [OptiFine] (Reflector) Field not present: net.minecraft.entity.Entity.captureDrops
[18:33:51] [Client thread/INFO]: [OptiFine] (Reflector) Field not present: net.minecraft.entity.Entity.capturedDrops
[18:33:51] [Client thread/INFO]: [OptiFine] (Reflector) Method not present: net.minecraft.entity.Entity.shouldRenderInPass
[18:33:51] [Client thread/INFO]: [OptiFine] (Reflector) Method not present: net.minecraft.entity.Entity.shouldRiderSit
[18:33:51] [Client thread/INFO]: [OptiFine] (Reflector) Class not present: net.minecraftforge.event.ForgeEventFactory
[18:33:51] [Client thread/INFO]: [OptiFine] (Reflector) Class not present: net.minecraftforge.common.ForgeHooks
[18:33:51] [Client thread/INFO]: [OptiFine] (Reflector) Class not present: net.minecraftforge.client.ForgeHooksClient
[18:33:51] [Client thread/INFO]: [OptiFine] (Reflector) Field not present: net.minecraft.item.Item.delegate
[18:33:51] [Client thread/INFO]: [OptiFine] (Reflector) Method not present: net.minecraft.item.Item.getDurabilityForDisplay
[18:33:51] [Client thread/INFO]: [OptiFine] (Reflector) Method not present: net.minecraft.item.Item.getModel
[18:33:51] [Client thread/INFO]: [OptiFine] (Reflector) Method not present: net.minecraft.item.Item.onEntitySwing
[18:33:51] [Client thread/INFO]: [OptiFine] (Reflector) Method not present: net.minecraft.item.Item.shouldCauseReequipAnimation
[18:33:51] [Client thread/INFO]: [OptiFine] (Reflector) Method not present: net.minecraft.item.Item.showDurabilityBar
[18:33:51] [Client thread/INFO]: [OptiFine] (Reflector) Class not present: net.minecraftforge.common.ForgeModContainer
[18:33:51] [Client thread/INFO]: [OptiFine] (Reflector) Method not present: net.minecraft.potion.PotionEffect.isCurativeItem
[18:33:51] [Client thread/INFO]: [OptiFine] (Reflector) Method not present: net.minecraft.tileentity.TileEntity.canRenderBreaking
[18:33:51] [Client thread/INFO]: [OptiFine] (Reflector) Method not present: net.minecraft.tileentity.TileEntity.getRenderBoundingBox
[18:33:51] [Client thread/INFO]: [OptiFine] (Reflector) Method not present: net.minecraft.tileentity.TileEntity.hasFastRenderer
[18:33:51] [Client thread/INFO]: [OptiFine] (Reflector) Method not present: net.minecraft.tileentity.TileEntity.shouldRenderInPass
[18:33:51] [Client thread/INFO]: [OptiFine] (Reflector) Method not present: net.minecraft.client.renderer.vertex.VertexFormatElement$EnumUsage.preDraw
[18:33:51] [Client thread/INFO]: [OptiFine] (Reflector) Method not present: net.minecraft.client.renderer.vertex.VertexFormatElement$EnumUsage.postDraw
[18:33:51] [Client thread/INFO]: [OptiFine] (Reflector) Method not present: net.minecraft.world.World.countEntities
[18:33:51] [Client thread/INFO]: [OptiFine] (Reflector) Method not present: net.minecraft.world.World.getPerWorldStorage
[18:33:51] [Client thread/INFO]: [OptiFine] (Reflector) Method not present: net.minecraft.world.WorldProvider.getCloudRenderer
[18:33:51] [Client thread/INFO]: [OptiFine] (Reflector) Method not present: net.minecraft.world.WorldProvider.getSkyRenderer
[18:33:51] [Client thread/INFO]: [OptiFine] (Reflector) Method not present: net.minecraft.world.WorldProvider.getWeatherRenderer
[18:33:51] [Client thread/INFO]: [OptiFine] (Reflector) Method not present: net.minecraft.world.WorldProvider.getSaveFolder
[18:33:51] [Client thread/INFO]: [OptiFine] (Reflector) Class not present: net.minecraftforge.fml.client.GuiModList
[18:33:51] [Client thread/INFO]: [OptiFine] (Reflector) Class not present: net.minecraftforge.client.model.IColoredBakedQuad
[18:33:51] [Client thread/INFO]: [OptiFine] (Reflector) Class not present: net.minecraftforge.common.property.IExtendedBlockState
[18:33:51] [Client thread/INFO]: [OptiFine] (Reflector) Class not present: net.minecraftforge.client.model.IModel
[18:33:51] [Client thread/INFO]: [OptiFine] (Reflector) Class not present: net.minecraftforge.client.IRenderHandler
[18:33:51] [Client thread/INFO]: [OptiFine] (Reflector) Class not present: net.minecraftforge.client.ItemModelMesherForge
[18:33:51] [Client thread/INFO]: [OptiFine] (Reflector) Class not present: net.minecraftforge.client.model.pipeline.LightUtil
[18:33:51] [Client thread/INFO]: [OptiFine] (Reflector) Class not present: net.minecraftforge.fml.common.Loader
[18:33:51] [Client thread/INFO]: [OptiFine] (Reflector) Class not present: net.minecraftforge.common.MinecraftForge
[18:33:51] [Client thread/INFO]: [OptiFine] (Reflector) Class not present: net.minecraftforge.client.MinecraftForgeClient
[18:33:51] [Client thread/INFO]: [OptiFine] (Reflector) Class not present: net.minecraftforge.fml.common.ModContainer
[18:33:51] [Client thread/INFO]: [OptiFine] (Reflector) Class not present: net.minecraftforge.client.model.ModelLoader
[18:33:51] [Client thread/INFO]: [OptiFine] (Reflector) Class not present: net.minecraftforge.client.event.RenderBlockOverlayEvent$OverlayType
[18:33:51] [Client thread/INFO]: [OptiFine] (Reflector) Class not present: net.minecraftforge.fml.client.registry.RenderingRegistry
[18:33:51] [Client thread/INFO]: [OptiFine] (Reflector) Class not present: net.minecraftforge.client.event.RenderItemInFrameEvent
[18:33:51] [Client thread/INFO]: [OptiFine] (Reflector) Class not present: net.minecraftforge.client.event.RenderLivingEvent$Pre
[18:33:51] [Client thread/INFO]: [OptiFine] (Reflector) Class not present: net.minecraftforge.client.event.RenderLivingEvent$Post
[18:33:51] [Client thread/INFO]: [OptiFine] (Reflector) Class not present: net.minecraftforge.client.event.RenderLivingEvent$Specials$Pre
[18:33:51] [Client thread/INFO]: [OptiFine] (Reflector) Class not present: net.minecraftforge.client.event.RenderLivingEvent$Specials$Post
[18:33:51] [Client thread/INFO]: [OptiFine] (Reflector) Class not present: net.minecraftforge.fml.client.SplashProgress
[18:33:51] [Client thread/INFO]: [OptiFine] (Reflector) Class not present: net.minecraftforge.event.world.WorldEvent$Load
[18:33:51] [Client thread/INFO]: [OptiFine] (Reflector) Field not present: Moon.helpers.MainMenuHelper.(type: class java.lang.String, index: 0)
[18:33:52] [Client thread/INFO]: [Shaders] OpenGL Version: 4.6.0 NVIDIA 511.79
[18:33:52] [Client thread/INFO]: [Shaders] Vendor:  NVIDIA Corporation
[18:33:52] [Client thread/INFO]: [Shaders] Renderer: NVIDIA GeForce GTX 1650/PCIe/SSE2
[18:33:52] [Client thread/INFO]: [Shaders] Capabilities:  2.0  2.1  3.0  3.2  4.0 
[18:33:52] [Client thread/INFO]: [Shaders] GL_MAX_DRAW_BUFFERS: 8
[18:33:52] [Client thread/INFO]: [Shaders] GL_MAX_COLOR_ATTACHMENTS_EXT: 8
[18:33:52] [Client thread/INFO]: [Shaders] GL_MAX_TEXTURE_IMAGE_UNITS: 32
[18:33:52] [Client thread/INFO]: [Shaders] Load shaders configuration.
[18:33:52] [Client thread/INFO]: [Shaders] Shaders can not be loaded, Fast Render is enabled.
[18:33:52] [Client thread/INFO]: [Shaders] No shaderpack loaded.
[18:33:52] [Client thread/INFO]: [OptiFine] 
[18:33:52] [Client thread/INFO]: [OptiFine] OptiFine_1.8.9_HD_U_L5
[18:33:52] [Client thread/INFO]: [OptiFine] Build: null
[18:33:52] [Client thread/INFO]: [OptiFine] OS: Windows 10 (amd64) version 10.0
[18:33:52] [Client thread/INFO]: [OptiFine] Java: 1.8.0_202, Oracle Corporation
[18:33:52] [Client thread/INFO]: [OptiFine] VM: Java HotSpot(TM) 64-Bit Server VM (mixed mode), Oracle Corporation
[18:33:52] [Client thread/INFO]: [OptiFine] LWJGL: 2.9.3
[18:33:52] [Client thread/INFO]: [OptiFine] OpenGL: NVIDIA GeForce GTX 1650/PCIe/SSE2, version 4.6.0 NVIDIA 511.79, NVIDIA Corporation
[18:33:52] [Client thread/INFO]: [OptiFine] OpenGL Version: 4.6.0
[18:33:52] [Client thread/INFO]: [OptiFine] Maximum texture size: 32768x32768
[18:33:52] [Client thread/INFO]: [Shaders] OpenGL Version: 4.6.0 NVIDIA 511.79
[18:33:52] [Client thread/INFO]: [Shaders] Vendor:  NVIDIA Corporation
[18:33:52] [Client thread/INFO]: [Shaders] Renderer: NVIDIA GeForce GTX 1650/PCIe/SSE2
[18:33:52] [Client thread/INFO]: [Shaders] Capabilities:  2.0  2.1  3.0  3.2  4.0 
[18:33:52] [Client thread/INFO]: [Shaders] GL_MAX_DRAW_BUFFERS: 8
[18:33:52] [Client thread/INFO]: [Shaders] GL_MAX_COLOR_ATTACHMENTS_EXT: 8
[18:33:52] [Client thread/INFO]: [Shaders] GL_MAX_TEXTURE_IMAGE_UNITS: 32
[18:33:52] [Client thread/INFO]: [Shaders] Load shaders configuration.
[18:33:52] [Client thread/INFO]: [Shaders] Shaders can not be loaded, Fast Render is enabled.
[18:33:52] [Client thread/INFO]: [Shaders] No shaderpack loaded.
[18:33:52] [Client thread/INFO]: [OptiFine] *** Reloading textures ***
[18:33:52] [Client thread/INFO]: [OptiFine] Resource packs: Default
[18:33:56] [Client thread/INFO]: [OptiFine] Mipmap levels: 4
[18:33:56] [Client thread/INFO]: [OptiFine] Multitexture: false
[18:33:56] [Client thread/INFO]: [OptiFine] ConnectedTextures: mcpatcher/ctm/default/0_glass_white/glass_pane_white.properties
[18:33:57] [Client thread/INFO]: [OptiFine] ConnectedTextures: mcpatcher/ctm/default/0_glass_white/glass_white.properties
[18:33:57] [Client thread/INFO]: [OptiFine] ConnectedTextures: mcpatcher/ctm/default/10_glass_purple/glass_pane_purple.properties
[18:33:57] [Client thread/INFO]: [OptiFine] ConnectedTextures: mcpatcher/ctm/default/10_glass_purple/glass_purple.properties
[18:33:57] [Client thread/INFO]: [OptiFine] ConnectedTextures: mcpatcher/ctm/default/11_glass_blue/glass_blue.properties
[18:33:57] [Client thread/INFO]: [OptiFine] ConnectedTextures: mcpatcher/ctm/default/11_glass_blue/glass_pane_blue.properties
[18:33:57] [Client thread/INFO]: [OptiFine] ConnectedTextures: mcpatcher/ctm/default/12_glass_brown/glass_brown.properties
[18:33:57] [Client thread/INFO]: [OptiFine] ConnectedTextures: mcpatcher/ctm/default/12_glass_brown/glass_pane_brown.properties
[18:33:57] [Client thread/INFO]: [OptiFine] ConnectedTextures: mcpatcher/ctm/default/13_glass_green/glass_green.properties
[18:33:57] [Client thread/INFO]: [OptiFine] ConnectedTextures: mcpatcher/ctm/default/13_glass_green/glass_pane_green.properties
[18:33:57] [Client thread/INFO]: [OptiFine] ConnectedTextures: mcpatcher/ctm/default/14_glass_red/glass_pane_red.properties
[18:33:57] [Client thread/INFO]: [OptiFine] ConnectedTextures: mcpatcher/ctm/default/14_glass_red/glass_red.properties
[18:33:57] [Client thread/INFO]: [OptiFine] ConnectedTextures: mcpatcher/ctm/default/15_glass_black/glass_black.properties
[18:33:57] [Client thread/INFO]: [OptiFine] ConnectedTextures: mcpatcher/ctm/default/15_glass_black/glass_pane_black.properties
[18:33:57] [Client thread/INFO]: [OptiFine] ConnectedTextures: mcpatcher/ctm/default/1_glass_orange/glass_orange.properties
[18:33:57] [Client thread/INFO]: [OptiFine] ConnectedTextures: mcpatcher/ctm/default/1_glass_orange/glass_pane_orange.properties
[18:33:57] [Client thread/INFO]: [OptiFine] ConnectedTextures: mcpatcher/ctm/default/2_glass_magenta/glass_magenta.properties
[18:33:57] [Client thread/INFO]: [OptiFine] ConnectedTextures: mcpatcher/ctm/default/2_glass_magenta/glass_pane_magenta.properties
[18:33:57] [Client thread/INFO]: [OptiFine] ConnectedTextures: mcpatcher/ctm/default/3_glass_light_blue/glass_light_blue.properties
[18:33:57] [Client thread/INFO]: [OptiFine] ConnectedTextures: mcpatcher/ctm/default/3_glass_light_blue/glass_pane_light_blue.properties
[18:33:57] [Client thread/INFO]: [OptiFine] ConnectedTextures: mcpatcher/ctm/default/4_glass_yellow/glass_pane_yellow.properties
[18:33:57] [Client thread/INFO]: [OptiFine] ConnectedTextures: mcpatcher/ctm/default/4_glass_yellow/glass_yellow.properties
[18:33:57] [Client thread/INFO]: [OptiFine] ConnectedTextures: mcpatcher/ctm/default/5_glass_lime/glass_lime.properties
[18:33:57] [Client thread/INFO]: [OptiFine] ConnectedTextures: mcpatcher/ctm/default/5_glass_lime/glass_pane_lime.properties
[18:33:57] [Client thread/INFO]: [OptiFine] ConnectedTextures: mcpatcher/ctm/default/6_glass_pink/glass_pane_pink.properties
[18:33:57] [Client thread/INFO]: [OptiFine] ConnectedTextures: mcpatcher/ctm/default/6_glass_pink/glass_pink.properties
[18:33:57] [Client thread/INFO]: [OptiFine] ConnectedTextures: mcpatcher/ctm/default/7_glass_gray/glass_gray.properties
[18:33:57] [Client thread/INFO]: [OptiFine] ConnectedTextures: mcpatcher/ctm/default/7_glass_gray/glass_pane_gray.properties
[18:33:57] [Client thread/INFO]: [OptiFine] ConnectedTextures: mcpatcher/ctm/default/8_glass_silver/glass_pane_silver.properties
[18:33:57] [Client thread/INFO]: [OptiFine] ConnectedTextures: mcpatcher/ctm/default/8_glass_silver/glass_silver.properties
[18:33:57] [Client thread/INFO]: [OptiFine] ConnectedTextures: mcpatcher/ctm/default/9_glass_cyan/glass_cyan.properties
[18:33:57] [Client thread/INFO]: [OptiFine] ConnectedTextures: mcpatcher/ctm/default/9_glass_cyan/glass_pane_cyan.properties
[18:33:57] [Client thread/INFO]: [OptiFine] ConnectedTextures: mcpatcher/ctm/default/bookshelf.properties
[18:33:57] [Client thread/INFO]: [OptiFine] ConnectedTextures: mcpatcher/ctm/default/glass.properties
[18:33:57] [Client thread/INFO]: [OptiFine] ConnectedTextures: mcpatcher/ctm/default/glasspane.properties
[18:33:57] [Client thread/INFO]: [OptiFine] ConnectedTextures: mcpatcher/ctm/default/sandstone.properties
[18:33:57] [Client thread/INFO]: [OptiFine] Multipass connected textures: false
[18:33:57] [Client thread/INFO]: [OptiFine] BetterGrass: Parsing default configuration optifine/bettergrass.properties
[18:33:59] [Client thread/INFO]: [OptiFine] Animated sprites: 11
[18:34:01] [Client thread/INFO]: [OptiFine] *** Reloading custom textures ***
[18:34:01] [Client thread/INFO]: [OptiFine] Enable face culling: acacia_leaves, birch_leaves, dark_oak_leaves, jungle_leaves, oak_leaves, spruce_leaves
